<?xml version="1.0" encoding="UTF-8"?>
<testng-results ignored="0" total="3" passed="3" failed="0" skipped="0">
  <reporter-output>
  </reporter-output>
  <suite started-at="2024-05-24T01:49:54Z" name="RegressionAutomatedQA" finished-at="2024-05-24T01:50:00Z" duration-ms="5846">
    <groups>
    </groups>
    <test started-at="2024-05-24T01:49:54Z" name="TC01_Login" finished-at="2024-05-24T01:49:56Z" duration-ms="1955">
      <class name="LogintTests.TC01_Login">
        <test-method is-config="true" signature="startWebDriver()[pri:0, instance:LogintTests.TC01_Login@3b1bb3ab]" started-at="2024-05-23T19:49:54Z" name="startWebDriver" finished-at="2024-05-23T19:49:56Z" duration-ms="1424" status="PASS">
          <reporter-output>
          </reporter-output>
        </test-method> <!-- startWebDriver -->
        <test-method signature="TC01()[pri:0, instance:LogintTests.TC01_Login@3b1bb3ab]" started-at="2024-05-23T19:49:56Z" name="TC01" finished-at="2024-05-23T19:49:56Z" duration-ms="276" status="PASS">
          <reporter-output>
          </reporter-output>
        </test-method> <!-- TC01 -->
        <test-method is-config="true" signature="closeDriver()[pri:0, instance:LogintTests.TC01_Login@3b1bb3ab]" started-at="2024-05-23T19:49:56Z" name="closeDriver" finished-at="2024-05-23T19:49:56Z" duration-ms="229" status="PASS">
          <reporter-output>
          </reporter-output>
        </test-method> <!-- closeDriver -->
      </class> <!-- LogintTests.TC01_Login -->
    </test> <!-- TC01_Login -->
    <test started-at="2024-05-24T01:49:56Z" name="TC02_LoginError" finished-at="2024-05-24T01:49:58Z" duration-ms="1793">
      <class name="LogintTests.TC02_LoginError">
        <test-method is-config="true" signature="startWebDriver()[pri:0, instance:LogintTests.TC02_LoginError@619bd14c]" started-at="2024-05-23T19:49:56Z" name="startWebDriver" finished-at="2024-05-23T19:49:58Z" duration-ms="1364" status="PASS">
          <reporter-output>
          </reporter-output>
        </test-method> <!-- startWebDriver -->
        <test-method signature="TC02()[pri:0, instance:LogintTests.TC02_LoginError@619bd14c]" started-at="2024-05-23T19:49:58Z" name="TC02" finished-at="2024-05-23T19:49:58Z" duration-ms="288" status="PASS">
          <reporter-output>
          </reporter-output>
        </test-method> <!-- TC02 -->
        <test-method is-config="true" signature="closeDriver()[pri:0, instance:LogintTests.TC02_LoginError@619bd14c]" started-at="2024-05-23T19:49:58Z" name="closeDriver" finished-at="2024-05-23T19:49:58Z" duration-ms="137" status="PASS">
          <reporter-output>
          </reporter-output>
        </test-method> <!-- closeDriver -->
      </class> <!-- LogintTests.TC02_LoginError -->
    </test> <!-- TC02_LoginError -->
    <test started-at="2024-05-24T01:49:58Z" name="TC03_VerifyRemoveButton" finished-at="2024-05-24T01:50:00Z" duration-ms="2052">
      <class name="inventoryTests.TC03_VerifyRemoveButton">
        <test-method is-config="true" signature="startWebDriver()[pri:0, instance:inventoryTests.TC03_VerifyRemoveButton@30865a90]" started-at="2024-05-23T19:49:58Z" name="startWebDriver" finished-at="2024-05-23T19:49:59Z" duration-ms="1368" status="PASS">
          <reporter-output>
          </reporter-output>
        </test-method> <!-- startWebDriver -->
        <test-method signature="TC03()[pri:0, instance:inventoryTests.TC03_VerifyRemoveButton@30865a90]" started-at="2024-05-23T19:49:59Z" name="TC03" finished-at="2024-05-23T19:50:00Z" duration-ms="487" status="PASS">
          <reporter-output>
          </reporter-output>
        </test-method> <!-- TC03 -->
        <test-method is-config="true" signature="closeDriver()[pri:0, instance:inventoryTests.TC03_VerifyRemoveButton@30865a90]" started-at="2024-05-23T19:50:00Z" name="closeDriver" finished-at="2024-05-23T19:50:00Z" duration-ms="193" status="PASS">
          <reporter-output>
          </reporter-output>
        </test-method> <!-- closeDriver -->
      </class> <!-- inventoryTests.TC03_VerifyRemoveButton -->
    </test> <!-- TC03_VerifyRemoveButton -->
  </suite> <!-- RegressionAutomatedQA -->
</testng-results>
